[24/04/2023 21:12:11][Administrador][Login]
[24/04/2023 21:43:32][Administrador][Login]
[24/04/2023 23:00:20][Administrador][Login]
[24/04/2023 23:00:26][Administrador][SELECT * FROM tiendas]
[24/04/2023 23:00:39][Administrador][DELETE FROM tiendas WHERE idTienda=11]
[24/04/2023 23:00:52][Administrador][DELETE FROM tiendas WHERE idTienda=12]
[24/04/2023 23:01:01][Administrador][DELETE FROM tiendas WHERE idTienda=15]
[24/04/2023 23:01:06][Administrador][SELECT * FROM tipoliquidos]
[25/04/2023 01:14:57][Administrador][Login]
[25/04/2023 01:29:37][Administrador][Login]
[25/04/2023 01:30:17][Administrador][Login]
[25/04/2023 01:31:08][Administrador][Login]
[25/04/2023 01:34:03][Administrador][Login]
[25/04/2023 01:34:30][Administrador][Login]
[25/04/2023 01:34:55][Administrador][Login]
[25/04/2023 01:49:11][Administrador][Login]
[25/04/2023 01:52:41][Administrador][Login]
[25/04/2023 02:02:04][Administrador][Login]
[25/04/2023 02:35:49][Administrador][Login]
[25/04/2023 02:45:34][Administrador][Login]
[25/04/2023 02:48:57][Administrador][Login]
[25/04/2023 02:54:18][Administrador][Login]
[25/04/2023 02:54:43][Administrador][INSERT INTO tiendas VALUES(null,'Los Remedios','Calle Virgen de Lujan, 5');]
[25/04/2023 02:54:47][Administrador][SELECT * FROM tiendas]
[25/04/2023 03:22:39][Administrador][Login]
[25/04/2023 03:27:41][Administrador][Login]
[25/04/2023 03:36:20][Administrador][Login]
[25/04/2023 03:42:47][Administrador][Login]
[25/04/2023 03:49:10][Administrador][Login]
[25/04/2023 16:45:40][Administrador][Login]
[25/04/2023 16:45:44][Administrador][INSERT INTO tipoliquidotienda VALUES(null, 5, 1, 3);]
[25/04/2023 17:18:28][Administrador][Login]
[25/04/2023 17:18:43][Administrador][INSERT INTO tiendas VALUES(null,'Macarena','Calle Macarena, 5');]
[25/04/2023 17:19:03][Administrador][INSERT INTO tipoliquidos VALUES(null,'A&L','Succube','30');]
[25/04/2023 17:19:21][Administrador][INSERT INTO tipoliquidotienda VALUES(null, 5, 1, 1);]
[01/05/2023 17:39:06][Administrador][Login]
[01/05/2023 17:39:10][Administrador][SELECT * FROM tipoliquidotienda JOIN tiendas on idTiendaFk=idtienda JOIN tipoliquidos on idtipoLiquidoFk=idtipoLiquido]
[01/05/2023 17:43:19][Administrador][Login]
[01/05/2023 17:43:22][Administrador][SELECT * FROM tipoliquidotienda JOIN tiendas on idTiendaFk=idtienda JOIN tipoliquidos on idtipoLiquidoFk=idtipoLiquido]
[01/05/2023 17:58:02][Administrador][Login]
[01/05/2023 17:58:04][Administrador][SELECT * FROM tipoliquidotienda JOIN tiendas on idTiendaFk=idtienda JOIN tipoliquidos on idtipoLiquidoFk=idtipoLiquido]
[01/05/2023 17:58:43][Administrador][Login]
[01/05/2023 17:58:45][Administrador][SELECT * FROM tipoliquidotienda JOIN tiendas on idTiendaFk=idtienda JOIN tipoliquidos on idtipoLiquidoFk=idtipoLiquido]
[01/05/2023 17:59:10][Administrador][Login]
[01/05/2023 17:59:11][Administrador][SELECT * FROM tipoliquidotienda JOIN tiendas on idTiendaFk=idtienda JOIN tipoliquidos on idtipoLiquidoFk=idtipoLiquido]
[01/05/2023 17:59:27][Administrador][Login]
[01/05/2023 17:59:29][Administrador][SELECT * FROM tipoliquidotienda JOIN tiendas on idTiendaFk=idtienda JOIN tipoliquidos on idtipoLiquidoFk=idtipoLiquido]
[01/05/2023 18:00:28][Administrador][Login]
[01/05/2023 18:00:31][Administrador][SELECT * FROM tipoliquidos]
[01/05/2023 18:00:36][Administrador][SELECT * FROM tiendas]
[01/05/2023 18:00:42][Administrador][SELECT * FROM tipoliquidotienda JOIN tiendas on idTiendaFk=idtienda JOIN tipoliquidos on idtipoLiquidoFk=idtipoLiquido]
[01/05/2023 18:08:08][Administrador][Login]
[01/05/2023 18:08:11][Administrador][SELECT * FROM tipoliquidotienda JOIN tiendas on idTiendaFk=idtienda JOIN tipoliquidos on idtipoLiquidoFk=idtipoLiquido]
[01/05/2023 18:13:20][Administrador][Login]
[01/05/2023 18:13:22][Administrador][SELECT * FROM tipoliquidotienda JOIN tiendas on idTiendaFk=idtienda JOIN tipoliquidos on idtipoLiquidoFk=idtipoLiquido]
[01/05/2023 18:14:08][Administrador][SELECT * FROM tiendas]
[01/05/2023 18:14:11][Administrador][SELECT * FROM tipoliquidos]
[01/05/2023 18:14:16][Administrador][SELECT * FROM tipoliquidotienda JOIN tiendas on idTiendaFk=idtienda JOIN tipoliquidos on idtipoLiquidoFk=idtipoLiquido]
[01/05/2023 18:18:59][Administrador][Login]
[01/05/2023 18:19:01][Administrador][SELECT * FROM tipoliquidotienda JOIN tiendas on idTiendaFk=idtienda JOIN tipoliquidos on idtipoLiquidoFk=idtipoLiquido]
[01/05/2023 18:19:43][Administrador][Login]
[01/05/2023 18:19:44][Administrador][SELECT * FROM tipoliquidotienda JOIN tiendas on idTiendaFk=idtienda JOIN tipoliquidos on idtipoLiquidoFk=idtipoLiquido]
[01/05/2023 18:20:04][Administrador][Login]
[01/05/2023 18:20:05][Administrador][SELECT * FROM tipoliquidotienda JOIN tiendas on idTiendaFk=idtienda JOIN tipoliquidos on idtipoLiquidoFk=idtipoLiquido]
[01/05/2023 18:24:48][Administrador][Login]
[01/05/2023 18:24:49][Administrador][SELECT * FROM tipoliquidotienda JOIN tiendas on idTiendaFk=idtienda JOIN tipoliquidos on idtipoLiquidoFk=idtipoLiquido]
[01/05/2023 18:25:10][Administrador][Login]
[01/05/2023 18:25:11][Administrador][SELECT * FROM tipoliquidotienda JOIN tiendas on idTiendaFk=idtienda JOIN tipoliquidos on idtipoLiquidoFk=idtipoLiquido]
[01/05/2023 18:25:27][Administrador][Login]
[01/05/2023 18:25:28][Administrador][SELECT * FROM tipoliquidotienda JOIN tiendas on idTiendaFk=idtienda JOIN tipoliquidos on idtipoLiquidoFk=idtipoLiquido]
[01/05/2023 18:26:16][Administrador][Login]
[01/05/2023 18:26:18][Administrador][SELECT * FROM tipoliquidotienda JOIN tiendas on idTiendaFk=idtienda JOIN tipoliquidos on idtipoLiquidoFk=idtipoLiquido]
[01/05/2023 18:26:33][Administrador][Login]
[01/05/2023 18:26:34][Administrador][SELECT * FROM tipoliquidotienda JOIN tiendas on idTiendaFk=idtienda JOIN tipoliquidos on idtipoLiquidoFk=idtipoLiquido]
[01/05/2023 18:27:19][Administrador][Login]
[01/05/2023 18:27:21][Administrador][SELECT * FROM tipoliquidotienda JOIN tiendas on idTiendaFk=idtienda JOIN tipoliquidos on idtipoLiquidoFk=idtipoLiquido]
[01/05/2023 18:27:29][Administrador][SELECT * FROM tiendas]
[01/05/2023 18:27:36][Administrador][SELECT * FROM tipoliquidos]
[01/05/2023 18:52:57][Administrador][Login]
[01/05/2023 19:05:22][Administrador][Login]
[01/05/2023 19:05:52][Administrador][DELETE FROM tipoliquidotienda WHERE  idTipoLiquidoTienda= 1]
[01/05/2023 19:11:40][Administrador][Login]
[01/05/2023 19:11:58][Administrador][INSERT INTO tipoliquidotienda VALUES(null, 5, 1, 1);]
[01/05/2023 19:26:59][Administrador][Login]
[01/05/2023 19:27:22][Administrador][SELECT * FROM tipoliquidos]
[01/05/2023 19:27:36][Administrador][SELECT * FROM tipoliquidotienda JOIN tiendas on idTiendaFk=idtienda JOIN tipoliquidos on idtipoLiquidoFk=idtipoLiquido]
[01/05/2023 19:28:01][Administrador][Login]
[01/05/2023 19:29:21][Administrador][Login]
[01/05/2023 19:29:58][Administrador][Login]
[01/05/2023 19:32:09][Administrador][SELECT * FROM tipoliquidotienda JOIN tiendas on idTiendaFk=idtienda JOIN tipoliquidos on idtipoLiquidoFk=idtipoLiquido]
[01/05/2023 19:37:00][Administrador][Login]
[01/05/2023 19:37:03][Administrador][SELECT * FROM tipoliquidotienda JOIN tiendas on idTiendaFk=idtienda JOIN tipoliquidos on idtipoLiquidoFk=idtipoLiquido]
[01/05/2023 20:46:13][Administrador][Login]
[01/05/2023 20:46:56][Administrador][UPDATE tipoliquidotienda SET stockLiquido= '7', idTipoLiquidoFk='1', idTiendaFk=1 Where idTipoLiquidoTienda =2]
[01/05/2023 20:46:58][Administrador][UPDATE tipoliquidotienda SET stockLiquido= '7', idTipoLiquidoFk='1', idTiendaFk=1 Where idTipoLiquidoTienda =2]
[01/05/2023 20:47:07][Administrador][SELECT * FROM tipoliquidotienda JOIN tiendas on idTiendaFk=idtienda JOIN tipoliquidos on idtipoLiquidoFk=idtipoLiquido]
[01/05/2023 20:48:03][Administrador][Login]
[01/05/2023 20:52:36][Administrador][Login]
[01/05/2023 20:53:04][Administrador][Login]
[01/05/2023 20:54:01][Administrador][Login]
[01/05/2023 20:54:30][Administrador][Login]
[01/05/2023 20:56:07][Administrador][Login]
[01/05/2023 20:56:28][Administrador][Login]
[01/05/2023 20:56:50][Administrador][Login]
[01/05/2023 21:05:57][Administrador][Login]
[01/05/2023 21:06:58][Administrador][INSERT INTO tiendas VALUES(null,'Triana','Calle Triana, 7');]
[01/05/2023 21:07:39][Administrador][INSERT INTO tipoliquidos VALUES(null,'A&L','Ragnarok','30');]
[01/05/2023 21:07:46][Administrador][SELECT * FROM tipoliquidos]
[01/05/2023 21:08:24][Administrador][SELECT * FROM tipoliquidotienda JOIN tiendas on idTiendaFk=idtienda JOIN tipoliquidos on idtipoLiquidoFk=idtipoLiquido]
[01/05/2023 21:08:35][Administrador][INSERT INTO tipoliquidotienda VALUES(null, 5, 2, 1);]
[01/05/2023 21:08:43][Administrador][INSERT INTO tipoliquidotienda VALUES(null, 8, 2, 2);]
[01/05/2023 21:08:48][Administrador][SELECT * FROM tipoliquidotienda JOIN tiendas on idTiendaFk=idtienda JOIN tipoliquidos on idtipoLiquidoFk=idtipoLiquido]
